2023-10-26 22:31:08.344 INFO  o.s.c.s.PostProcessorRegistrationDelegate$BeanPostProcessorChecker:335  [32m        [0;39m Bean 'org.springframework.cloud.autoconfigure.ConfigurationPropertiesRebinderAutoConfiguration' of type [org.springframework.cloud.autoconfigure.ConfigurationPropertiesRebinderAutoConfiguration] is not eligible for getting processed by all BeanPostProcessors (for example: not eligible for auto-proxying)
2023-10-26 22:31:08.575 INFO  com.azaz.GatewayApplication                   :655  [32m        [0;39m The following profiles are active: dev
2023-10-26 22:31:08.884 INFO  o.s.d.r.config.RepositoryConfigurationDelegate    :249  [32m        [0;39m Multiple Spring Data modules found, entering strict repository configuration mode!
2023-10-26 22:31:08.886 INFO  o.s.d.r.config.RepositoryConfigurationDelegate    :127  [32m        [0;39m Bootstrapping Spring Data Redis repositories in DEFAULT mode.
2023-10-26 22:31:08.899 INFO  o.s.d.r.config.RepositoryConfigurationDelegate    :187  [32m        [0;39m Finished Spring Data repository scanning in 4ms. Found 0 Redis repository interfaces.
2023-10-26 22:31:08.967 INFO  o.springframework.cloud.context.scope.GenericScope:295  [32m        [0;39m BeanFactory id=9eed2e99-b3e1-3af2-a003-cc7551c8282f
2023-10-26 22:31:09.014 INFO  o.s.c.s.PostProcessorRegistrationDelegate$BeanPostProcessorChecker:335  [32m        [0;39m Bean 'org.springframework.cloud.autoconfigure.ConfigurationPropertiesRebinderAutoConfiguration' of type [org.springframework.cloud.autoconfigure.ConfigurationPropertiesRebinderAutoConfiguration] is not eligible for getting processed by all BeanPostProcessors (for example: not eligible for auto-proxying)
2023-10-26 22:31:09.014 INFO  o.s.c.s.PostProcessorRegistrationDelegate$BeanPostProcessorChecker:335  [32m        [0;39m Bean 'org.springframework.cloud.client.loadbalancer.reactive.LoadBalancerBeanPostProcessorAutoConfiguration' of type [org.springframework.cloud.client.loadbalancer.reactive.LoadBalancerBeanPostProcessorAutoConfiguration] is not eligible for getting processed by all BeanPostProcessors (for example: not eligible for auto-proxying)
2023-10-26 22:31:09.015 INFO  o.s.c.s.PostProcessorRegistrationDelegate$BeanPostProcessorChecker:335  [32m        [0;39m Bean 'org.springframework.cloud.client.loadbalancer.reactive.LoadBalancerBeanPostProcessorAutoConfiguration$ReactiveLoadBalancerConfig' of type [org.springframework.cloud.client.loadbalancer.reactive.LoadBalancerBeanPostProcessorAutoConfiguration$ReactiveLoadBalancerConfig] is not eligible for getting processed by all BeanPostProcessors (for example: not eligible for auto-proxying)
2023-10-26 22:31:09.017 INFO  o.s.c.s.PostProcessorRegistrationDelegate$BeanPostProcessorChecker:335  [32m        [0;39m Bean 'deferringLoadBalancerExchangeFilterFunction' of type [org.springframework.cloud.client.loadbalancer.reactive.DeferringLoadBalancerExchangeFilterFunction] is not eligible for getting processed by all BeanPostProcessors (for example: not eligible for auto-proxying)
2023-10-26 22:31:09.078 WARN  com.netflix.config.sources.URLConfigurationSource :121  [32m        [0;39m No URLs will be polled as dynamic configuration sources.
2023-10-26 22:31:09.079 INFO  com.netflix.config.sources.URLConfigurationSource :122  [32m        [0;39m To enable URLs as dynamic configuration sources, define System property archaius.configurationSource.additionalUrls or make config.properties available on classpath.
2023-10-26 22:31:09.081 WARN  com.netflix.config.sources.URLConfigurationSource :121  [32m        [0;39m No URLs will be polled as dynamic configuration sources.
2023-10-26 22:31:09.081 INFO  com.netflix.config.sources.URLConfigurationSource :122  [32m        [0;39m To enable URLs as dynamic configuration sources, define System property archaius.configurationSource.additionalUrls or make config.properties available on classpath.
2023-10-26 22:31:09.447 WARN  o.s.b.w.r.c.AnnotationConfigReactiveWebServerApplicationContext:559  [32m        [0;39m Exception encountered during context initialization - cancelling refresh attempt: org.springframework.beans.factory.BeanCreationException: Error creating bean with name 'discoveryLocatorProperties' defined in class path resource [org/springframework/cloud/gateway/discovery/GatewayDiscoveryClientAutoConfiguration.class]: Bean instantiation via factory method failed; nested exception is org.springframework.beans.BeanInstantiationException: Failed to instantiate [org.springframework.cloud.gateway.discovery.DiscoveryLocatorProperties]: Factory method 'discoveryLocatorProperties' threw exception; nested exception is java.lang.NoClassDefFoundError: javax/validation/ValidationException
2023-10-26 22:31:09.470 INFO  o.s.b.a.l.ConditionEvaluationReportLoggingListener:136  [32m        [0;39m 

Error starting ApplicationContext. To display the conditions report re-run your application with 'debug' enabled.
2023-10-26 22:31:09.473 ERROR org.springframework.boot.SpringApplication        :837  [32m        [0;39m Application run failed
org.springframework.beans.factory.BeanCreationException: Error creating bean with name 'discoveryLocatorProperties' defined in class path resource [org/springframework/cloud/gateway/discovery/GatewayDiscoveryClientAutoConfiguration.class]: Bean instantiation via factory method failed; nested exception is org.springframework.beans.BeanInstantiationException: Failed to instantiate [org.springframework.cloud.gateway.discovery.DiscoveryLocatorProperties]: Factory method 'discoveryLocatorProperties' threw exception; nested exception is java.lang.NoClassDefFoundError: javax/validation/ValidationException
	at org.springframework.beans.factory.support.ConstructorResolver.instantiate(ConstructorResolver.java:655)
	at org.springframework.beans.factory.support.ConstructorResolver.instantiateUsingFactoryMethod(ConstructorResolver.java:483)
	at org.springframework.beans.factory.support.AbstractAutowireCapableBeanFactory.instantiateUsingFactoryMethod(AbstractAutowireCapableBeanFactory.java:1338)
	at org.springframework.beans.factory.support.AbstractAutowireCapableBeanFactory.createBeanInstance(AbstractAutowireCapableBeanFactory.java:1177)
	at org.springframework.beans.factory.support.AbstractAutowireCapableBeanFactory.doCreateBean(AbstractAutowireCapableBeanFactory.java:557)
	at org.springframework.beans.factory.support.AbstractAutowireCapableBeanFactory.createBean(AbstractAutowireCapableBeanFactory.java:517)
	at org.springframework.beans.factory.support.AbstractBeanFactory.lambda$doGetBean$0(AbstractBeanFactory.java:323)
	at org.springframework.beans.factory.support.DefaultSingletonBeanRegistry.getSingleton(DefaultSingletonBeanRegistry.java:226)
	at org.springframework.beans.factory.support.AbstractBeanFactory.doGetBean(AbstractBeanFactory.java:321)
	at org.springframework.beans.factory.support.AbstractBeanFactory.getBean(AbstractBeanFactory.java:202)
	at org.springframework.beans.factory.support.DefaultListableBeanFactory.preInstantiateSingletons(DefaultListableBeanFactory.java:893)
	at org.springframework.context.support.AbstractApplicationContext.finishBeanFactoryInitialization(AbstractApplicationContext.java:879)
	at org.springframework.context.support.AbstractApplicationContext.refresh(AbstractApplicationContext.java:551)
	at org.springframework.boot.web.reactive.context.ReactiveWebServerApplicationContext.refresh(ReactiveWebServerApplicationContext.java:62)
	at org.springframework.boot.SpringApplication.refresh(SpringApplication.java:758)
	at org.springframework.boot.SpringApplication.refresh(SpringApplication.java:750)
	at org.springframework.boot.SpringApplication.refreshContext(SpringApplication.java:397)
	at org.springframework.boot.SpringApplication.run(SpringApplication.java:315)
	at org.springframework.boot.SpringApplication.run(SpringApplication.java:1237)
	at org.springframework.boot.SpringApplication.run(SpringApplication.java:1226)
	at com.azaz.GatewayApplication.main(AzazGatewayApplication.java:13)
Caused by: org.springframework.beans.BeanInstantiationException: Failed to instantiate [org.springframework.cloud.gateway.discovery.DiscoveryLocatorProperties]: Factory method 'discoveryLocatorProperties' threw exception; nested exception is java.lang.NoClassDefFoundError: javax/validation/ValidationException
	at org.springframework.beans.factory.support.SimpleInstantiationStrategy.instantiate(SimpleInstantiationStrategy.java:185)
	at org.springframework.beans.factory.support.ConstructorResolver.instantiate(ConstructorResolver.java:650)
	... 20 common frames omitted
Caused by: java.lang.NoClassDefFoundError: javax/validation/ValidationException
	at org.springframework.cloud.gateway.discovery.GatewayDiscoveryClientAutoConfiguration.initPredicates(GatewayDiscoveryClientAutoConfiguration.java:61)
	at org.springframework.cloud.gateway.discovery.GatewayDiscoveryClientAutoConfiguration.discoveryLocatorProperties(GatewayDiscoveryClientAutoConfiguration.java:86)
	at java.base/jdk.internal.reflect.NativeMethodAccessorImpl.invoke0(Native Method)
	at java.base/jdk.internal.reflect.NativeMethodAccessorImpl.invoke(NativeMethodAccessorImpl.java:77)
	at java.base/jdk.internal.reflect.DelegatingMethodAccessorImpl.invoke(DelegatingMethodAccessorImpl.java:43)
	at java.base/java.lang.reflect.Method.invoke(Method.java:568)
	at org.springframework.beans.factory.support.SimpleInstantiationStrategy.instantiate(SimpleInstantiationStrategy.java:154)
	... 21 common frames omitted
Caused by: java.lang.ClassNotFoundException: javax.validation.ValidationException
	at java.base/jdk.internal.loader.BuiltinClassLoader.loadClass(BuiltinClassLoader.java:641)
	at java.base/jdk.internal.loader.ClassLoaders$AppClassLoader.loadClass(ClassLoaders.java:188)
	at java.base/java.lang.ClassLoader.loadClass(ClassLoader.java:520)
	... 28 common frames omitted
2023-10-26 22:32:02.850 INFO  o.s.c.s.PostProcessorRegistrationDelegate$BeanPostProcessorChecker:335  [32m        [0;39m Bean 'org.springframework.cloud.autoconfigure.ConfigurationPropertiesRebinderAutoConfiguration' of type [org.springframework.cloud.autoconfigure.ConfigurationPropertiesRebinderAutoConfiguration] is not eligible for getting processed by all BeanPostProcessors (for example: not eligible for auto-proxying)
2023-10-26 22:32:03.065 INFO  com.azaz.GatewayApplication                   :655  [32m        [0;39m The following profiles are active: dev
2023-10-26 22:32:03.327 INFO  o.s.d.r.config.RepositoryConfigurationDelegate    :249  [32m        [0;39m Multiple Spring Data modules found, entering strict repository configuration mode!
2023-10-26 22:32:03.328 INFO  o.s.d.r.config.RepositoryConfigurationDelegate    :127  [32m        [0;39m Bootstrapping Spring Data Redis repositories in DEFAULT mode.
2023-10-26 22:32:03.342 INFO  o.s.d.r.config.RepositoryConfigurationDelegate    :187  [32m        [0;39m Finished Spring Data repository scanning in 5ms. Found 0 Redis repository interfaces.
2023-10-26 22:32:03.412 INFO  o.springframework.cloud.context.scope.GenericScope:295  [32m        [0;39m BeanFactory id=da66e274-a4b3-3ac9-bc35-1067946305b5
2023-10-26 22:32:03.457 INFO  o.s.c.s.PostProcessorRegistrationDelegate$BeanPostProcessorChecker:335  [32m        [0;39m Bean 'org.springframework.cloud.autoconfigure.ConfigurationPropertiesRebinderAutoConfiguration' of type [org.springframework.cloud.autoconfigure.ConfigurationPropertiesRebinderAutoConfiguration] is not eligible for getting processed by all BeanPostProcessors (for example: not eligible for auto-proxying)
2023-10-26 22:32:03.457 INFO  o.s.c.s.PostProcessorRegistrationDelegate$BeanPostProcessorChecker:335  [32m        [0;39m Bean 'org.springframework.cloud.client.loadbalancer.reactive.LoadBalancerBeanPostProcessorAutoConfiguration' of type [org.springframework.cloud.client.loadbalancer.reactive.LoadBalancerBeanPostProcessorAutoConfiguration] is not eligible for getting processed by all BeanPostProcessors (for example: not eligible for auto-proxying)
2023-10-26 22:32:03.458 INFO  o.s.c.s.PostProcessorRegistrationDelegate$BeanPostProcessorChecker:335  [32m        [0;39m Bean 'org.springframework.cloud.client.loadbalancer.reactive.LoadBalancerBeanPostProcessorAutoConfiguration$ReactiveLoadBalancerConfig' of type [org.springframework.cloud.client.loadbalancer.reactive.LoadBalancerBeanPostProcessorAutoConfiguration$ReactiveLoadBalancerConfig] is not eligible for getting processed by all BeanPostProcessors (for example: not eligible for auto-proxying)
2023-10-26 22:32:03.460 INFO  o.s.c.s.PostProcessorRegistrationDelegate$BeanPostProcessorChecker:335  [32m        [0;39m Bean 'deferringLoadBalancerExchangeFilterFunction' of type [org.springframework.cloud.client.loadbalancer.reactive.DeferringLoadBalancerExchangeFilterFunction] is not eligible for getting processed by all BeanPostProcessors (for example: not eligible for auto-proxying)
2023-10-26 22:32:03.513 WARN  com.netflix.config.sources.URLConfigurationSource :121  [32m        [0;39m No URLs will be polled as dynamic configuration sources.
2023-10-26 22:32:03.513 INFO  com.netflix.config.sources.URLConfigurationSource :122  [32m        [0;39m To enable URLs as dynamic configuration sources, define System property archaius.configurationSource.additionalUrls or make config.properties available on classpath.
2023-10-26 22:32:03.516 WARN  com.netflix.config.sources.URLConfigurationSource :121  [32m        [0;39m No URLs will be polled as dynamic configuration sources.
2023-10-26 22:32:03.516 INFO  com.netflix.config.sources.URLConfigurationSource :122  [32m        [0;39m To enable URLs as dynamic configuration sources, define System property archaius.configurationSource.additionalUrls or make config.properties available on classpath.
2023-10-26 22:32:04.214 INFO  o.s.c.gateway.route.RouteDefinitionRouteLocator   :139  [32m        [0;39m Loaded RoutePredicateFactory [After]
2023-10-26 22:32:04.215 INFO  o.s.c.gateway.route.RouteDefinitionRouteLocator   :139  [32m        [0;39m Loaded RoutePredicateFactory [Before]
2023-10-26 22:32:04.215 INFO  o.s.c.gateway.route.RouteDefinitionRouteLocator   :139  [32m        [0;39m Loaded RoutePredicateFactory [Between]
2023-10-26 22:32:04.215 INFO  o.s.c.gateway.route.RouteDefinitionRouteLocator   :139  [32m        [0;39m Loaded RoutePredicateFactory [Cookie]
2023-10-26 22:32:04.215 INFO  o.s.c.gateway.route.RouteDefinitionRouteLocator   :139  [32m        [0;39m Loaded RoutePredicateFactory [Header]
2023-10-26 22:32:04.215 INFO  o.s.c.gateway.route.RouteDefinitionRouteLocator   :139  [32m        [0;39m Loaded RoutePredicateFactory [Host]
2023-10-26 22:32:04.215 INFO  o.s.c.gateway.route.RouteDefinitionRouteLocator   :139  [32m        [0;39m Loaded RoutePredicateFactory [Method]
2023-10-26 22:32:04.215 INFO  o.s.c.gateway.route.RouteDefinitionRouteLocator   :139  [32m        [0;39m Loaded RoutePredicateFactory [Path]
2023-10-26 22:32:04.215 INFO  o.s.c.gateway.route.RouteDefinitionRouteLocator   :139  [32m        [0;39m Loaded RoutePredicateFactory [Query]
2023-10-26 22:32:04.215 INFO  o.s.c.gateway.route.RouteDefinitionRouteLocator   :139  [32m        [0;39m Loaded RoutePredicateFactory [ReadBodyPredicateFactory]
2023-10-26 22:32:04.215 INFO  o.s.c.gateway.route.RouteDefinitionRouteLocator   :139  [32m        [0;39m Loaded RoutePredicateFactory [RemoteAddr]
2023-10-26 22:32:04.215 INFO  o.s.c.gateway.route.RouteDefinitionRouteLocator   :139  [32m        [0;39m Loaded RoutePredicateFactory [Weight]
2023-10-26 22:32:04.215 INFO  o.s.c.gateway.route.RouteDefinitionRouteLocator   :139  [32m        [0;39m Loaded RoutePredicateFactory [CloudFoundryRouteService]
2023-10-26 22:32:04.302 INFO  o.s.scheduling.concurrent.ThreadPoolTaskScheduler :181  [32m        [0;39m Initializing ExecutorService 'Nacos-Watch-Task-Scheduler'
2023-10-26 22:32:05.132 INFO  o.s.boot.web.embedded.netty.NettyWebServer        :109  [32m        [0;39m Netty started on port(s): 8080
2023-10-26 22:32:05.469 INFO  c.a.cloud.nacos.registry.NacosServiceRegistry     :75   [32m        [0;39m nacos registry, DEFAULT_GROUP azaz-gateway 192.168.1.102:8080 register finished
2023-10-26 22:32:05.477 INFO  com.azaz.GatewayApplication                   :61   [32m        [0;39m Started AzazGatewayApplication in 3.092 seconds (JVM running for 3.548)
2023-10-26 22:32:36.771 INFO  com.netflix.config.ChainedDynamicProperty         :115  [32m        [0;39m Flipping property: azaz-service-user.ribbon.ActiveConnectionsLimit to use NEXT property: niws.loadbalancer.availabilityFilteringRule.activeConnectionsLimit = 2147483647
2023-10-26 22:32:36.786 INFO  com.netflix.loadbalancer.BaseLoadBalancer         :197  [32m        [0;39m Client: azaz-service-user instantiated a LoadBalancer: DynamicServerListLoadBalancer:{NFLoadBalancer:name=azaz-service-user,current list of Servers=[],Load balancer stats=Zone stats: {},Server stats: []}ServerList:null
2023-10-26 22:32:36.790 INFO  c.n.loadbalancer.DynamicServerListLoadBalancer    :222  [32m        [0;39m Using serverListUpdater PollingServerListUpdater
2023-10-26 22:32:36.878 INFO  com.netflix.config.ChainedDynamicProperty         :115  [32m        [0;39m Flipping property: azaz-service-user.ribbon.ActiveConnectionsLimit to use NEXT property: niws.loadbalancer.availabilityFilteringRule.activeConnectionsLimit = 2147483647
2023-10-26 22:32:36.879 INFO  c.n.loadbalancer.DynamicServerListLoadBalancer    :150  [32m        [0;39m DynamicServerListLoadBalancer for client azaz-service-user initialized: DynamicServerListLoadBalancer:{NFLoadBalancer:name=azaz-service-user,current list of Servers=[192.168.1.102:8081],Load balancer stats=Zone stats: {unknown=[Zone:unknown;	Instance count:1;	Active connections count: 0;	Circuit breaker tripped count: 0;	Active connections per server: 0.0;]
},Server stats: [[Server:192.168.1.102:8081;	Zone:UNKNOWN;	Total Requests:0;	Successive connection failure:0;	Total blackout seconds:0;	Last connection made:Thu Jan 01 08:00:00 CST 1970;	First connection made: Thu Jan 01 08:00:00 CST 1970;	Active Connections:0;	total failure count in last (1000) msecs:0;	average resp time:0.0;	90 percentile resp time:0.0;	95 percentile resp time:0.0;	min resp time:0.0;	max resp time:0.0;	stddev resp time:0.0]
]}ServerList:com.alibaba.cloud.nacos.ribbon.NacosServerList@5a54128d
2023-10-26 22:32:37.791 INFO  com.netflix.config.ChainedDynamicProperty         :115  [32m        [0;39m Flipping property: azaz-service-user.ribbon.ActiveConnectionsLimit to use NEXT property: niws.loadbalancer.availabilityFilteringRule.activeConnectionsLimit = 2147483647
2023-10-26 22:32:54.956 WARN  com.alibaba.nacos.common.notify.NotifyCenter      :145  [32m        [0;39m [NotifyCenter] Start destroying Publisher
2023-10-26 22:32:54.956 INFO  com.netflix.loadbalancer.PollingServerListUpdater :53   [32m        [0;39m Shutting down the Executor Pool for PollingServerListUpdater
2023-10-26 22:32:54.956 WARN  com.alibaba.nacos.common.http.HttpClientBeanHolder:108  [32m        [0;39m [HttpClientBeanHolder] Start destroying common HttpClient
2023-10-26 22:32:54.956 WARN  com.alibaba.nacos.common.notify.NotifyCenter      :162  [32m        [0;39m [NotifyCenter] Destruction of the end
2023-10-26 22:32:54.957 WARN  com.alibaba.nacos.common.http.HttpClientBeanHolder:114  [32m        [0;39m [HttpClientBeanHolder] Destruction of the end
2023-10-26 22:32:54.958 INFO  o.s.scheduling.concurrent.ThreadPoolTaskScheduler :218  [32m        [0;39m Shutting down ExecutorService 'Nacos-Watch-Task-Scheduler'
2023-10-26 22:32:54.959 INFO  c.a.cloud.nacos.registry.NacosServiceRegistry     :94   [32m        [0;39m De-registering from Nacos Server now...
2023-10-26 22:32:55.026 INFO  c.a.cloud.nacos.registry.NacosServiceRegistry     :114  [32m        [0;39m De-registration finished.
2023-10-26 22:39:38.094 INFO  o.s.c.s.PostProcessorRegistrationDelegate$BeanPostProcessorChecker:335  [32m        [0;39m Bean 'org.springframework.cloud.autoconfigure.ConfigurationPropertiesRebinderAutoConfiguration' of type [org.springframework.cloud.autoconfigure.ConfigurationPropertiesRebinderAutoConfiguration] is not eligible for getting processed by all BeanPostProcessors (for example: not eligible for auto-proxying)
2023-10-26 22:39:38.321 INFO  com.azaz.GatewayApplication                   :655  [32m        [0;39m The following profiles are active: dev
2023-10-26 22:39:38.644 INFO  o.s.d.r.config.RepositoryConfigurationDelegate    :249  [32m        [0;39m Multiple Spring Data modules found, entering strict repository configuration mode!
2023-10-26 22:39:38.645 INFO  o.s.d.r.config.RepositoryConfigurationDelegate    :127  [32m        [0;39m Bootstrapping Spring Data Redis repositories in DEFAULT mode.
2023-10-26 22:39:38.656 INFO  o.s.d.r.config.RepositoryConfigurationDelegate    :187  [32m        [0;39m Finished Spring Data repository scanning in 4ms. Found 0 Redis repository interfaces.
2023-10-26 22:39:38.710 WARN  org.mybatis.spring.mapper.ClassPathMapperScanner  :44   [32m        [0;39m No MyBatis mapper was found in '[com.azaz]' package. Please check your configuration.
2023-10-26 22:39:38.744 INFO  o.springframework.cloud.context.scope.GenericScope:295  [32m        [0;39m BeanFactory id=e8cf324a-19b8-3891-841c-c57079c55a9f
2023-10-26 22:39:38.804 INFO  o.s.c.s.PostProcessorRegistrationDelegate$BeanPostProcessorChecker:335  [32m        [0;39m Bean 'org.springframework.cloud.autoconfigure.ConfigurationPropertiesRebinderAutoConfiguration' of type [org.springframework.cloud.autoconfigure.ConfigurationPropertiesRebinderAutoConfiguration] is not eligible for getting processed by all BeanPostProcessors (for example: not eligible for auto-proxying)
2023-10-26 22:39:38.857 INFO  o.s.c.s.PostProcessorRegistrationDelegate$BeanPostProcessorChecker:335  [32m        [0;39m Bean 'org.springframework.cloud.client.loadbalancer.reactive.LoadBalancerBeanPostProcessorAutoConfiguration' of type [org.springframework.cloud.client.loadbalancer.reactive.LoadBalancerBeanPostProcessorAutoConfiguration] is not eligible for getting processed by all BeanPostProcessors (for example: not eligible for auto-proxying)
2023-10-26 22:39:38.858 INFO  o.s.c.s.PostProcessorRegistrationDelegate$BeanPostProcessorChecker:335  [32m        [0;39m Bean 'org.springframework.cloud.client.loadbalancer.reactive.LoadBalancerBeanPostProcessorAutoConfiguration$ReactiveLoadBalancerConfig' of type [org.springframework.cloud.client.loadbalancer.reactive.LoadBalancerBeanPostProcessorAutoConfiguration$ReactiveLoadBalancerConfig] is not eligible for getting processed by all BeanPostProcessors (for example: not eligible for auto-proxying)
2023-10-26 22:39:38.859 INFO  o.s.c.s.PostProcessorRegistrationDelegate$BeanPostProcessorChecker:335  [32m        [0;39m Bean 'deferringLoadBalancerExchangeFilterFunction' of type [org.springframework.cloud.client.loadbalancer.reactive.DeferringLoadBalancerExchangeFilterFunction] is not eligible for getting processed by all BeanPostProcessors (for example: not eligible for auto-proxying)
2023-10-26 22:39:39.024 WARN  com.netflix.config.sources.URLConfigurationSource :121  [32m        [0;39m No URLs will be polled as dynamic configuration sources.
2023-10-26 22:39:39.024 INFO  com.netflix.config.sources.URLConfigurationSource :122  [32m        [0;39m To enable URLs as dynamic configuration sources, define System property archaius.configurationSource.additionalUrls or make config.properties available on classpath.
2023-10-26 22:39:39.027 WARN  com.netflix.config.sources.URLConfigurationSource :121  [32m        [0;39m No URLs will be polled as dynamic configuration sources.
2023-10-26 22:39:39.027 INFO  com.netflix.config.sources.URLConfigurationSource :122  [32m        [0;39m To enable URLs as dynamic configuration sources, define System property archaius.configurationSource.additionalUrls or make config.properties available on classpath.
2023-10-26 22:39:39.622 INFO  o.s.c.gateway.route.RouteDefinitionRouteLocator   :139  [32m        [0;39m Loaded RoutePredicateFactory [After]
2023-10-26 22:39:39.622 INFO  o.s.c.gateway.route.RouteDefinitionRouteLocator   :139  [32m        [0;39m Loaded RoutePredicateFactory [Before]
2023-10-26 22:39:39.623 INFO  o.s.c.gateway.route.RouteDefinitionRouteLocator   :139  [32m        [0;39m Loaded RoutePredicateFactory [Between]
2023-10-26 22:39:39.623 INFO  o.s.c.gateway.route.RouteDefinitionRouteLocator   :139  [32m        [0;39m Loaded RoutePredicateFactory [Cookie]
2023-10-26 22:39:39.623 INFO  o.s.c.gateway.route.RouteDefinitionRouteLocator   :139  [32m        [0;39m Loaded RoutePredicateFactory [Header]
2023-10-26 22:39:39.623 INFO  o.s.c.gateway.route.RouteDefinitionRouteLocator   :139  [32m        [0;39m Loaded RoutePredicateFactory [Host]
2023-10-26 22:39:39.623 INFO  o.s.c.gateway.route.RouteDefinitionRouteLocator   :139  [32m        [0;39m Loaded RoutePredicateFactory [Method]
2023-10-26 22:39:39.623 INFO  o.s.c.gateway.route.RouteDefinitionRouteLocator   :139  [32m        [0;39m Loaded RoutePredicateFactory [Path]
2023-10-26 22:39:39.623 INFO  o.s.c.gateway.route.RouteDefinitionRouteLocator   :139  [32m        [0;39m Loaded RoutePredicateFactory [Query]
2023-10-26 22:39:39.623 INFO  o.s.c.gateway.route.RouteDefinitionRouteLocator   :139  [32m        [0;39m Loaded RoutePredicateFactory [ReadBodyPredicateFactory]
2023-10-26 22:39:39.623 INFO  o.s.c.gateway.route.RouteDefinitionRouteLocator   :139  [32m        [0;39m Loaded RoutePredicateFactory [RemoteAddr]
2023-10-26 22:39:39.623 INFO  o.s.c.gateway.route.RouteDefinitionRouteLocator   :139  [32m        [0;39m Loaded RoutePredicateFactory [Weight]
2023-10-26 22:39:39.623 INFO  o.s.c.gateway.route.RouteDefinitionRouteLocator   :139  [32m        [0;39m Loaded RoutePredicateFactory [CloudFoundryRouteService]
2023-10-26 22:39:39.693 INFO  o.s.scheduling.concurrent.ThreadPoolTaskScheduler :181  [32m        [0;39m Initializing ExecutorService 'Nacos-Watch-Task-Scheduler'
2023-10-26 22:39:40.028 WARN  o.s.b.w.r.c.AnnotationConfigReactiveWebServerApplicationContext:559  [32m        [0;39m Exception encountered during context initialization - cancelling refresh attempt: org.springframework.beans.factory.BeanCreationException: Error creating bean with name 'org.springframework.boot.autoconfigure.jdbc.DataSourceJmxConfiguration$Hikari': Invocation of init method failed; nested exception is org.springframework.beans.factory.BeanCreationException: Error creating bean with name 'scopedTarget.dataSource' defined in class path resource [org/springframework/boot/autoconfigure/jdbc/DataSourceConfiguration$Hikari.class]: Bean instantiation via factory method failed; nested exception is org.springframework.beans.BeanInstantiationException: Failed to instantiate [com.zaxxer.hikari.HikariDataSource]: Factory method 'dataSource' threw exception; nested exception is org.springframework.boot.autoconfigure.jdbc.DataSourceProperties$DataSourceBeanCreationException: Failed to determine a suitable driver class
2023-10-26 22:39:40.028 WARN  o.s.beans.factory.support.DisposableBeanAdapter   :349  [32m        [0;39m Destroy method 'close' on bean with name 'nacosServiceRegistry' threw an exception: java.lang.NullPointerException: Cannot invoke "com.alibaba.nacos.api.naming.NamingService.shutDown()" because "this.namingService" is null
2023-10-26 22:39:40.042 INFO  o.s.b.a.l.ConditionEvaluationReportLoggingListener:136  [32m        [0;39m 

Error starting ApplicationContext. To display the conditions report re-run your application with 'debug' enabled.
2023-10-26 22:39:40.043 ERROR o.s.b.diagnostics.LoggingFailureAnalysisReporter  :40   [32m        [0;39m 

***************************
APPLICATION FAILED TO START
***************************

Description:

Failed to configure a DataSource: 'url' attribute is not specified and no embedded datasource could be configured.

Reason: Failed to determine a suitable driver class


Action:

Consider the following:
	If you want an embedded database (H2, HSQL or Derby), please put it on the classpath.
	If you have database settings to be loaded from a particular profile you may need to activate it (no profiles are currently active).

2023-10-26 22:40:10.494 INFO  o.s.c.s.PostProcessorRegistrationDelegate$BeanPostProcessorChecker:335  [32m        [0;39m Bean 'org.springframework.cloud.autoconfigure.ConfigurationPropertiesRebinderAutoConfiguration' of type [org.springframework.cloud.autoconfigure.ConfigurationPropertiesRebinderAutoConfiguration] is not eligible for getting processed by all BeanPostProcessors (for example: not eligible for auto-proxying)
2023-10-26 22:40:10.726 INFO  com.azaz.GatewayApplication                       :655  [32m        [0;39m The following profiles are active: dev
2023-10-26 22:40:11.041 INFO  o.s.d.r.config.RepositoryConfigurationDelegate    :249  [32m        [0;39m Multiple Spring Data modules found, entering strict repository configuration mode!
2023-10-26 22:40:11.042 INFO  o.s.d.r.config.RepositoryConfigurationDelegate    :127  [32m        [0;39m Bootstrapping Spring Data Redis repositories in DEFAULT mode.
2023-10-26 22:40:11.055 INFO  o.s.d.r.config.RepositoryConfigurationDelegate    :187  [32m        [0;39m Finished Spring Data repository scanning in 4ms. Found 0 Redis repository interfaces.
2023-10-26 22:40:11.114 WARN  org.mybatis.spring.mapper.ClassPathMapperScanner  :44   [32m        [0;39m No MyBatis mapper was found in '[com.azaz]' package. Please check your configuration.
2023-10-26 22:40:11.147 INFO  o.springframework.cloud.context.scope.GenericScope:295  [32m        [0;39m BeanFactory id=911c650f-a740-32cd-9515-3084a06f750e
2023-10-26 22:40:11.207 INFO  o.s.c.s.PostProcessorRegistrationDelegate$BeanPostProcessorChecker:335  [32m        [0;39m Bean 'org.springframework.cloud.autoconfigure.ConfigurationPropertiesRebinderAutoConfiguration' of type [org.springframework.cloud.autoconfigure.ConfigurationPropertiesRebinderAutoConfiguration] is not eligible for getting processed by all BeanPostProcessors (for example: not eligible for auto-proxying)
2023-10-26 22:40:11.263 INFO  o.s.c.s.PostProcessorRegistrationDelegate$BeanPostProcessorChecker:335  [32m        [0;39m Bean 'org.springframework.cloud.client.loadbalancer.reactive.LoadBalancerBeanPostProcessorAutoConfiguration' of type [org.springframework.cloud.client.loadbalancer.reactive.LoadBalancerBeanPostProcessorAutoConfiguration] is not eligible for getting processed by all BeanPostProcessors (for example: not eligible for auto-proxying)
2023-10-26 22:40:11.264 INFO  o.s.c.s.PostProcessorRegistrationDelegate$BeanPostProcessorChecker:335  [32m        [0;39m Bean 'org.springframework.cloud.client.loadbalancer.reactive.LoadBalancerBeanPostProcessorAutoConfiguration$ReactiveLoadBalancerConfig' of type [org.springframework.cloud.client.loadbalancer.reactive.LoadBalancerBeanPostProcessorAutoConfiguration$ReactiveLoadBalancerConfig] is not eligible for getting processed by all BeanPostProcessors (for example: not eligible for auto-proxying)
2023-10-26 22:40:11.265 INFO  o.s.c.s.PostProcessorRegistrationDelegate$BeanPostProcessorChecker:335  [32m        [0;39m Bean 'deferringLoadBalancerExchangeFilterFunction' of type [org.springframework.cloud.client.loadbalancer.reactive.DeferringLoadBalancerExchangeFilterFunction] is not eligible for getting processed by all BeanPostProcessors (for example: not eligible for auto-proxying)
2023-10-26 22:40:11.426 WARN  com.netflix.config.sources.URLConfigurationSource :121  [32m        [0;39m No URLs will be polled as dynamic configuration sources.
2023-10-26 22:40:11.426 INFO  com.netflix.config.sources.URLConfigurationSource :122  [32m        [0;39m To enable URLs as dynamic configuration sources, define System property archaius.configurationSource.additionalUrls or make config.properties available on classpath.
2023-10-26 22:40:11.430 WARN  com.netflix.config.sources.URLConfigurationSource :121  [32m        [0;39m No URLs will be polled as dynamic configuration sources.
2023-10-26 22:40:11.430 INFO  com.netflix.config.sources.URLConfigurationSource :122  [32m        [0;39m To enable URLs as dynamic configuration sources, define System property archaius.configurationSource.additionalUrls or make config.properties available on classpath.
2023-10-26 22:40:11.962 INFO  o.s.c.gateway.route.RouteDefinitionRouteLocator   :139  [32m        [0;39m Loaded RoutePredicateFactory [After]
2023-10-26 22:40:11.962 INFO  o.s.c.gateway.route.RouteDefinitionRouteLocator   :139  [32m        [0;39m Loaded RoutePredicateFactory [Before]
2023-10-26 22:40:11.963 INFO  o.s.c.gateway.route.RouteDefinitionRouteLocator   :139  [32m        [0;39m Loaded RoutePredicateFactory [Between]
2023-10-26 22:40:11.963 INFO  o.s.c.gateway.route.RouteDefinitionRouteLocator   :139  [32m        [0;39m Loaded RoutePredicateFactory [Cookie]
2023-10-26 22:40:11.963 INFO  o.s.c.gateway.route.RouteDefinitionRouteLocator   :139  [32m        [0;39m Loaded RoutePredicateFactory [Header]
2023-10-26 22:40:11.963 INFO  o.s.c.gateway.route.RouteDefinitionRouteLocator   :139  [32m        [0;39m Loaded RoutePredicateFactory [Host]
2023-10-26 22:40:11.963 INFO  o.s.c.gateway.route.RouteDefinitionRouteLocator   :139  [32m        [0;39m Loaded RoutePredicateFactory [Method]
2023-10-26 22:40:11.963 INFO  o.s.c.gateway.route.RouteDefinitionRouteLocator   :139  [32m        [0;39m Loaded RoutePredicateFactory [Path]
2023-10-26 22:40:11.963 INFO  o.s.c.gateway.route.RouteDefinitionRouteLocator   :139  [32m        [0;39m Loaded RoutePredicateFactory [Query]
2023-10-26 22:40:11.963 INFO  o.s.c.gateway.route.RouteDefinitionRouteLocator   :139  [32m        [0;39m Loaded RoutePredicateFactory [ReadBodyPredicateFactory]
2023-10-26 22:40:11.963 INFO  o.s.c.gateway.route.RouteDefinitionRouteLocator   :139  [32m        [0;39m Loaded RoutePredicateFactory [RemoteAddr]
2023-10-26 22:40:11.963 INFO  o.s.c.gateway.route.RouteDefinitionRouteLocator   :139  [32m        [0;39m Loaded RoutePredicateFactory [Weight]
2023-10-26 22:40:11.963 INFO  o.s.c.gateway.route.RouteDefinitionRouteLocator   :139  [32m        [0;39m Loaded RoutePredicateFactory [CloudFoundryRouteService]
2023-10-26 22:40:12.027 INFO  o.s.scheduling.concurrent.ThreadPoolTaskScheduler :181  [32m        [0;39m Initializing ExecutorService 'Nacos-Watch-Task-Scheduler'
2023-10-26 22:40:12.373 WARN  o.s.b.w.r.c.AnnotationConfigReactiveWebServerApplicationContext:559  [32m        [0;39m Exception encountered during context initialization - cancelling refresh attempt: org.springframework.beans.factory.BeanCreationException: Error creating bean with name 'org.springframework.boot.autoconfigure.jdbc.DataSourceJmxConfiguration$Hikari': Invocation of init method failed; nested exception is org.springframework.beans.factory.BeanCreationException: Error creating bean with name 'scopedTarget.dataSource' defined in class path resource [org/springframework/boot/autoconfigure/jdbc/DataSourceConfiguration$Hikari.class]: Bean instantiation via factory method failed; nested exception is org.springframework.beans.BeanInstantiationException: Failed to instantiate [com.zaxxer.hikari.HikariDataSource]: Factory method 'dataSource' threw exception; nested exception is org.springframework.boot.autoconfigure.jdbc.DataSourceProperties$DataSourceBeanCreationException: Failed to determine a suitable driver class
2023-10-26 22:40:12.373 WARN  o.s.beans.factory.support.DisposableBeanAdapter   :349  [32m        [0;39m Destroy method 'close' on bean with name 'nacosServiceRegistry' threw an exception: java.lang.NullPointerException: Cannot invoke "com.alibaba.nacos.api.naming.NamingService.shutDown()" because "this.namingService" is null
2023-10-26 22:40:12.386 INFO  o.s.b.a.l.ConditionEvaluationReportLoggingListener:136  [32m        [0;39m 

Error starting ApplicationContext. To display the conditions report re-run your application with 'debug' enabled.
2023-10-26 22:40:12.387 ERROR o.s.b.diagnostics.LoggingFailureAnalysisReporter  :40   [32m        [0;39m 

***************************
APPLICATION FAILED TO START
***************************

Description:

Failed to configure a DataSource: 'url' attribute is not specified and no embedded datasource could be configured.

Reason: Failed to determine a suitable driver class


Action:

Consider the following:
	If you want an embedded database (H2, HSQL or Derby), please put it on the classpath.
	If you have database settings to be loaded from a particular profile you may need to activate it (no profiles are currently active).

2023-10-26 22:41:27.154 INFO  o.s.c.s.PostProcessorRegistrationDelegate$BeanPostProcessorChecker:335  [32m        [0;39m Bean 'org.springframework.cloud.autoconfigure.ConfigurationPropertiesRebinderAutoConfiguration' of type [org.springframework.cloud.autoconfigure.ConfigurationPropertiesRebinderAutoConfiguration] is not eligible for getting processed by all BeanPostProcessors (for example: not eligible for auto-proxying)
2023-10-26 22:41:27.376 INFO  com.azaz.GatewayApplication                       :655  [32m        [0;39m The following profiles are active: dev
2023-10-26 22:41:27.705 INFO  o.s.d.r.config.RepositoryConfigurationDelegate    :249  [32m        [0;39m Multiple Spring Data modules found, entering strict repository configuration mode!
2023-10-26 22:41:27.707 INFO  o.s.d.r.config.RepositoryConfigurationDelegate    :127  [32m        [0;39m Bootstrapping Spring Data Redis repositories in DEFAULT mode.
2023-10-26 22:41:27.718 INFO  o.s.d.r.config.RepositoryConfigurationDelegate    :187  [32m        [0;39m Finished Spring Data repository scanning in 4ms. Found 0 Redis repository interfaces.
2023-10-26 22:41:27.770 WARN  org.mybatis.spring.mapper.ClassPathMapperScanner  :44   [32m        [0;39m No MyBatis mapper was found in '[com.azaz]' package. Please check your configuration.
2023-10-26 22:41:27.804 INFO  o.springframework.cloud.context.scope.GenericScope:295  [32m        [0;39m BeanFactory id=911c650f-a740-32cd-9515-3084a06f750e
2023-10-26 22:41:27.865 INFO  o.s.c.s.PostProcessorRegistrationDelegate$BeanPostProcessorChecker:335  [32m        [0;39m Bean 'org.springframework.cloud.autoconfigure.ConfigurationPropertiesRebinderAutoConfiguration' of type [org.springframework.cloud.autoconfigure.ConfigurationPropertiesRebinderAutoConfiguration] is not eligible for getting processed by all BeanPostProcessors (for example: not eligible for auto-proxying)
2023-10-26 22:41:27.916 INFO  o.s.c.s.PostProcessorRegistrationDelegate$BeanPostProcessorChecker:335  [32m        [0;39m Bean 'org.springframework.cloud.client.loadbalancer.reactive.LoadBalancerBeanPostProcessorAutoConfiguration' of type [org.springframework.cloud.client.loadbalancer.reactive.LoadBalancerBeanPostProcessorAutoConfiguration] is not eligible for getting processed by all BeanPostProcessors (for example: not eligible for auto-proxying)
2023-10-26 22:41:27.916 INFO  o.s.c.s.PostProcessorRegistrationDelegate$BeanPostProcessorChecker:335  [32m        [0;39m Bean 'org.springframework.cloud.client.loadbalancer.reactive.LoadBalancerBeanPostProcessorAutoConfiguration$ReactiveLoadBalancerConfig' of type [org.springframework.cloud.client.loadbalancer.reactive.LoadBalancerBeanPostProcessorAutoConfiguration$ReactiveLoadBalancerConfig] is not eligible for getting processed by all BeanPostProcessors (for example: not eligible for auto-proxying)
2023-10-26 22:41:27.918 INFO  o.s.c.s.PostProcessorRegistrationDelegate$BeanPostProcessorChecker:335  [32m        [0;39m Bean 'deferringLoadBalancerExchangeFilterFunction' of type [org.springframework.cloud.client.loadbalancer.reactive.DeferringLoadBalancerExchangeFilterFunction] is not eligible for getting processed by all BeanPostProcessors (for example: not eligible for auto-proxying)
2023-10-26 22:41:28.081 WARN  com.netflix.config.sources.URLConfigurationSource :121  [32m        [0;39m No URLs will be polled as dynamic configuration sources.
2023-10-26 22:41:28.081 INFO  com.netflix.config.sources.URLConfigurationSource :122  [32m        [0;39m To enable URLs as dynamic configuration sources, define System property archaius.configurationSource.additionalUrls or make config.properties available on classpath.
2023-10-26 22:41:28.084 WARN  com.netflix.config.sources.URLConfigurationSource :121  [32m        [0;39m No URLs will be polled as dynamic configuration sources.
2023-10-26 22:41:28.084 INFO  com.netflix.config.sources.URLConfigurationSource :122  [32m        [0;39m To enable URLs as dynamic configuration sources, define System property archaius.configurationSource.additionalUrls or make config.properties available on classpath.
2023-10-26 22:41:28.658 INFO  o.s.c.gateway.route.RouteDefinitionRouteLocator   :139  [32m        [0;39m Loaded RoutePredicateFactory [After]
2023-10-26 22:41:28.659 INFO  o.s.c.gateway.route.RouteDefinitionRouteLocator   :139  [32m        [0;39m Loaded RoutePredicateFactory [Before]
2023-10-26 22:41:28.659 INFO  o.s.c.gateway.route.RouteDefinitionRouteLocator   :139  [32m        [0;39m Loaded RoutePredicateFactory [Between]
2023-10-26 22:41:28.659 INFO  o.s.c.gateway.route.RouteDefinitionRouteLocator   :139  [32m        [0;39m Loaded RoutePredicateFactory [Cookie]
2023-10-26 22:41:28.659 INFO  o.s.c.gateway.route.RouteDefinitionRouteLocator   :139  [32m        [0;39m Loaded RoutePredicateFactory [Header]
2023-10-26 22:41:28.659 INFO  o.s.c.gateway.route.RouteDefinitionRouteLocator   :139  [32m        [0;39m Loaded RoutePredicateFactory [Host]
2023-10-26 22:41:28.659 INFO  o.s.c.gateway.route.RouteDefinitionRouteLocator   :139  [32m        [0;39m Loaded RoutePredicateFactory [Method]
2023-10-26 22:41:28.659 INFO  o.s.c.gateway.route.RouteDefinitionRouteLocator   :139  [32m        [0;39m Loaded RoutePredicateFactory [Path]
2023-10-26 22:41:28.659 INFO  o.s.c.gateway.route.RouteDefinitionRouteLocator   :139  [32m        [0;39m Loaded RoutePredicateFactory [Query]
2023-10-26 22:41:28.659 INFO  o.s.c.gateway.route.RouteDefinitionRouteLocator   :139  [32m        [0;39m Loaded RoutePredicateFactory [ReadBodyPredicateFactory]
2023-10-26 22:41:28.659 INFO  o.s.c.gateway.route.RouteDefinitionRouteLocator   :139  [32m        [0;39m Loaded RoutePredicateFactory [RemoteAddr]
2023-10-26 22:41:28.659 INFO  o.s.c.gateway.route.RouteDefinitionRouteLocator   :139  [32m        [0;39m Loaded RoutePredicateFactory [Weight]
2023-10-26 22:41:28.660 INFO  o.s.c.gateway.route.RouteDefinitionRouteLocator   :139  [32m        [0;39m Loaded RoutePredicateFactory [CloudFoundryRouteService]
2023-10-26 22:41:28.729 INFO  o.s.scheduling.concurrent.ThreadPoolTaskScheduler :181  [32m        [0;39m Initializing ExecutorService 'Nacos-Watch-Task-Scheduler'
2023-10-26 22:41:29.080 WARN  o.s.b.w.r.c.AnnotationConfigReactiveWebServerApplicationContext:559  [32m        [0;39m Exception encountered during context initialization - cancelling refresh attempt: org.springframework.beans.factory.BeanCreationException: Error creating bean with name 'org.springframework.boot.autoconfigure.jdbc.DataSourceJmxConfiguration$Hikari': Invocation of init method failed; nested exception is org.springframework.beans.factory.BeanCreationException: Error creating bean with name 'scopedTarget.dataSource' defined in class path resource [org/springframework/boot/autoconfigure/jdbc/DataSourceConfiguration$Hikari.class]: Bean instantiation via factory method failed; nested exception is org.springframework.beans.BeanInstantiationException: Failed to instantiate [com.zaxxer.hikari.HikariDataSource]: Factory method 'dataSource' threw exception; nested exception is org.springframework.boot.autoconfigure.jdbc.DataSourceProperties$DataSourceBeanCreationException: Failed to determine a suitable driver class
2023-10-26 22:41:29.080 WARN  o.s.beans.factory.support.DisposableBeanAdapter   :349  [32m        [0;39m Destroy method 'close' on bean with name 'nacosServiceRegistry' threw an exception: java.lang.NullPointerException: Cannot invoke "com.alibaba.nacos.api.naming.NamingService.shutDown()" because "this.namingService" is null
2023-10-26 22:41:29.092 INFO  o.s.b.a.l.ConditionEvaluationReportLoggingListener:136  [32m        [0;39m 

Error starting ApplicationContext. To display the conditions report re-run your application with 'debug' enabled.
2023-10-26 22:41:29.094 ERROR o.s.b.diagnostics.LoggingFailureAnalysisReporter  :40   [32m        [0;39m 

***************************
APPLICATION FAILED TO START
***************************

Description:

Failed to configure a DataSource: 'url' attribute is not specified and no embedded datasource could be configured.

Reason: Failed to determine a suitable driver class


Action:

Consider the following:
	If you want an embedded database (H2, HSQL or Derby), please put it on the classpath.
	If you have database settings to be loaded from a particular profile you may need to activate it (no profiles are currently active).

2023-10-26 22:42:33.146 INFO  o.s.c.s.PostProcessorRegistrationDelegate$BeanPostProcessorChecker:335  [32m        [0;39m Bean 'org.springframework.cloud.autoconfigure.ConfigurationPropertiesRebinderAutoConfiguration' of type [org.springframework.cloud.autoconfigure.ConfigurationPropertiesRebinderAutoConfiguration] is not eligible for getting processed by all BeanPostProcessors (for example: not eligible for auto-proxying)
2023-10-26 22:42:33.365 INFO  com.azaz.GatewayApplication                       :655  [32m        [0;39m The following profiles are active: dev
2023-10-26 22:42:33.660 INFO  o.s.d.r.config.RepositoryConfigurationDelegate    :249  [32m        [0;39m Multiple Spring Data modules found, entering strict repository configuration mode!
2023-10-26 22:42:33.661 INFO  o.s.d.r.config.RepositoryConfigurationDelegate    :127  [32m        [0;39m Bootstrapping Spring Data Redis repositories in DEFAULT mode.
2023-10-26 22:42:33.672 INFO  o.s.d.r.config.RepositoryConfigurationDelegate    :187  [32m        [0;39m Finished Spring Data repository scanning in 4ms. Found 0 Redis repository interfaces.
2023-10-26 22:42:33.723 WARN  org.mybatis.spring.mapper.ClassPathMapperScanner  :44   [32m        [0;39m No MyBatis mapper was found in '[com.azaz]' package. Please check your configuration.
2023-10-26 22:42:33.760 INFO  o.springframework.cloud.context.scope.GenericScope:295  [32m        [0;39m BeanFactory id=911c650f-a740-32cd-9515-3084a06f750e
2023-10-26 22:42:33.821 INFO  o.s.c.s.PostProcessorRegistrationDelegate$BeanPostProcessorChecker:335  [32m        [0;39m Bean 'org.springframework.cloud.autoconfigure.ConfigurationPropertiesRebinderAutoConfiguration' of type [org.springframework.cloud.autoconfigure.ConfigurationPropertiesRebinderAutoConfiguration] is not eligible for getting processed by all BeanPostProcessors (for example: not eligible for auto-proxying)
2023-10-26 22:42:33.872 INFO  o.s.c.s.PostProcessorRegistrationDelegate$BeanPostProcessorChecker:335  [32m        [0;39m Bean 'org.springframework.cloud.client.loadbalancer.reactive.LoadBalancerBeanPostProcessorAutoConfiguration' of type [org.springframework.cloud.client.loadbalancer.reactive.LoadBalancerBeanPostProcessorAutoConfiguration] is not eligible for getting processed by all BeanPostProcessors (for example: not eligible for auto-proxying)
2023-10-26 22:42:33.873 INFO  o.s.c.s.PostProcessorRegistrationDelegate$BeanPostProcessorChecker:335  [32m        [0;39m Bean 'org.springframework.cloud.client.loadbalancer.reactive.LoadBalancerBeanPostProcessorAutoConfiguration$ReactiveLoadBalancerConfig' of type [org.springframework.cloud.client.loadbalancer.reactive.LoadBalancerBeanPostProcessorAutoConfiguration$ReactiveLoadBalancerConfig] is not eligible for getting processed by all BeanPostProcessors (for example: not eligible for auto-proxying)
2023-10-26 22:42:33.875 INFO  o.s.c.s.PostProcessorRegistrationDelegate$BeanPostProcessorChecker:335  [32m        [0;39m Bean 'deferringLoadBalancerExchangeFilterFunction' of type [org.springframework.cloud.client.loadbalancer.reactive.DeferringLoadBalancerExchangeFilterFunction] is not eligible for getting processed by all BeanPostProcessors (for example: not eligible for auto-proxying)
2023-10-26 22:42:34.039 WARN  com.netflix.config.sources.URLConfigurationSource :121  [32m        [0;39m No URLs will be polled as dynamic configuration sources.
2023-10-26 22:42:34.039 INFO  com.netflix.config.sources.URLConfigurationSource :122  [32m        [0;39m To enable URLs as dynamic configuration sources, define System property archaius.configurationSource.additionalUrls or make config.properties available on classpath.
2023-10-26 22:42:34.042 WARN  com.netflix.config.sources.URLConfigurationSource :121  [32m        [0;39m No URLs will be polled as dynamic configuration sources.
2023-10-26 22:42:34.042 INFO  com.netflix.config.sources.URLConfigurationSource :122  [32m        [0;39m To enable URLs as dynamic configuration sources, define System property archaius.configurationSource.additionalUrls or make config.properties available on classpath.
2023-10-26 22:42:34.591 INFO  o.s.c.gateway.route.RouteDefinitionRouteLocator   :139  [32m        [0;39m Loaded RoutePredicateFactory [After]
2023-10-26 22:42:34.591 INFO  o.s.c.gateway.route.RouteDefinitionRouteLocator   :139  [32m        [0;39m Loaded RoutePredicateFactory [Before]
2023-10-26 22:42:34.592 INFO  o.s.c.gateway.route.RouteDefinitionRouteLocator   :139  [32m        [0;39m Loaded RoutePredicateFactory [Between]
2023-10-26 22:42:34.592 INFO  o.s.c.gateway.route.RouteDefinitionRouteLocator   :139  [32m        [0;39m Loaded RoutePredicateFactory [Cookie]
2023-10-26 22:42:34.592 INFO  o.s.c.gateway.route.RouteDefinitionRouteLocator   :139  [32m        [0;39m Loaded RoutePredicateFactory [Header]
2023-10-26 22:42:34.592 INFO  o.s.c.gateway.route.RouteDefinitionRouteLocator   :139  [32m        [0;39m Loaded RoutePredicateFactory [Host]
2023-10-26 22:42:34.592 INFO  o.s.c.gateway.route.RouteDefinitionRouteLocator   :139  [32m        [0;39m Loaded RoutePredicateFactory [Method]
2023-10-26 22:42:34.592 INFO  o.s.c.gateway.route.RouteDefinitionRouteLocator   :139  [32m        [0;39m Loaded RoutePredicateFactory [Path]
2023-10-26 22:42:34.592 INFO  o.s.c.gateway.route.RouteDefinitionRouteLocator   :139  [32m        [0;39m Loaded RoutePredicateFactory [Query]
2023-10-26 22:42:34.592 INFO  o.s.c.gateway.route.RouteDefinitionRouteLocator   :139  [32m        [0;39m Loaded RoutePredicateFactory [ReadBodyPredicateFactory]
2023-10-26 22:42:34.592 INFO  o.s.c.gateway.route.RouteDefinitionRouteLocator   :139  [32m        [0;39m Loaded RoutePredicateFactory [RemoteAddr]
2023-10-26 22:42:34.592 INFO  o.s.c.gateway.route.RouteDefinitionRouteLocator   :139  [32m        [0;39m Loaded RoutePredicateFactory [Weight]
2023-10-26 22:42:34.592 INFO  o.s.c.gateway.route.RouteDefinitionRouteLocator   :139  [32m        [0;39m Loaded RoutePredicateFactory [CloudFoundryRouteService]
2023-10-26 22:42:34.663 INFO  o.s.scheduling.concurrent.ThreadPoolTaskScheduler :181  [32m        [0;39m Initializing ExecutorService 'Nacos-Watch-Task-Scheduler'
2023-10-26 22:42:35.012 WARN  o.s.b.w.r.c.AnnotationConfigReactiveWebServerApplicationContext:559  [32m        [0;39m Exception encountered during context initialization - cancelling refresh attempt: org.springframework.beans.factory.BeanCreationException: Error creating bean with name 'org.springframework.boot.autoconfigure.jdbc.DataSourceJmxConfiguration$Hikari': Invocation of init method failed; nested exception is org.springframework.beans.factory.BeanCreationException: Error creating bean with name 'scopedTarget.dataSource' defined in class path resource [org/springframework/boot/autoconfigure/jdbc/DataSourceConfiguration$Hikari.class]: Bean instantiation via factory method failed; nested exception is org.springframework.beans.BeanInstantiationException: Failed to instantiate [com.zaxxer.hikari.HikariDataSource]: Factory method 'dataSource' threw exception; nested exception is org.springframework.boot.autoconfigure.jdbc.DataSourceProperties$DataSourceBeanCreationException: Failed to determine a suitable driver class
2023-10-26 22:42:35.012 WARN  o.s.beans.factory.support.DisposableBeanAdapter   :349  [32m        [0;39m Destroy method 'close' on bean with name 'nacosServiceRegistry' threw an exception: java.lang.NullPointerException: Cannot invoke "com.alibaba.nacos.api.naming.NamingService.shutDown()" because "this.namingService" is null
2023-10-26 22:42:35.025 INFO  o.s.b.a.l.ConditionEvaluationReportLoggingListener:136  [32m        [0;39m 

Error starting ApplicationContext. To display the conditions report re-run your application with 'debug' enabled.
2023-10-26 22:42:35.027 ERROR o.s.b.diagnostics.LoggingFailureAnalysisReporter  :40   [32m        [0;39m 

***************************
APPLICATION FAILED TO START
***************************

Description:

Failed to configure a DataSource: 'url' attribute is not specified and no embedded datasource could be configured.

Reason: Failed to determine a suitable driver class


Action:

Consider the following:
	If you want an embedded database (H2, HSQL or Derby), please put it on the classpath.
	If you have database settings to be loaded from a particular profile you may need to activate it (no profiles are currently active).

2023-10-26 22:43:30.194 INFO  o.s.c.s.PostProcessorRegistrationDelegate$BeanPostProcessorChecker:335  [32m        [0;39m Bean 'org.springframework.cloud.autoconfigure.ConfigurationPropertiesRebinderAutoConfiguration' of type [org.springframework.cloud.autoconfigure.ConfigurationPropertiesRebinderAutoConfiguration] is not eligible for getting processed by all BeanPostProcessors (for example: not eligible for auto-proxying)
2023-10-26 22:43:30.408 INFO  com.azaz.GatewayApplication                       :655  [32m        [0;39m The following profiles are active: dev
2023-10-26 22:43:30.693 INFO  o.s.d.r.config.RepositoryConfigurationDelegate    :249  [32m        [0;39m Multiple Spring Data modules found, entering strict repository configuration mode!
2023-10-26 22:43:30.694 INFO  o.s.d.r.config.RepositoryConfigurationDelegate    :127  [32m        [0;39m Bootstrapping Spring Data Redis repositories in DEFAULT mode.
2023-10-26 22:43:30.709 INFO  o.s.d.r.config.RepositoryConfigurationDelegate    :187  [32m        [0;39m Finished Spring Data repository scanning in 6ms. Found 0 Redis repository interfaces.
2023-10-26 22:43:30.775 INFO  o.springframework.cloud.context.scope.GenericScope:295  [32m        [0;39m BeanFactory id=158a5d19-67fc-3eca-a8d1-089e9bf8c609
2023-10-26 22:43:30.823 INFO  o.s.c.s.PostProcessorRegistrationDelegate$BeanPostProcessorChecker:335  [32m        [0;39m Bean 'org.springframework.cloud.autoconfigure.ConfigurationPropertiesRebinderAutoConfiguration' of type [org.springframework.cloud.autoconfigure.ConfigurationPropertiesRebinderAutoConfiguration] is not eligible for getting processed by all BeanPostProcessors (for example: not eligible for auto-proxying)
2023-10-26 22:43:30.824 INFO  o.s.c.s.PostProcessorRegistrationDelegate$BeanPostProcessorChecker:335  [32m        [0;39m Bean 'org.springframework.cloud.client.loadbalancer.reactive.LoadBalancerBeanPostProcessorAutoConfiguration' of type [org.springframework.cloud.client.loadbalancer.reactive.LoadBalancerBeanPostProcessorAutoConfiguration] is not eligible for getting processed by all BeanPostProcessors (for example: not eligible for auto-proxying)
2023-10-26 22:43:30.824 INFO  o.s.c.s.PostProcessorRegistrationDelegate$BeanPostProcessorChecker:335  [32m        [0;39m Bean 'org.springframework.cloud.client.loadbalancer.reactive.LoadBalancerBeanPostProcessorAutoConfiguration$ReactiveLoadBalancerConfig' of type [org.springframework.cloud.client.loadbalancer.reactive.LoadBalancerBeanPostProcessorAutoConfiguration$ReactiveLoadBalancerConfig] is not eligible for getting processed by all BeanPostProcessors (for example: not eligible for auto-proxying)
2023-10-26 22:43:30.827 INFO  o.s.c.s.PostProcessorRegistrationDelegate$BeanPostProcessorChecker:335  [32m        [0;39m Bean 'deferringLoadBalancerExchangeFilterFunction' of type [org.springframework.cloud.client.loadbalancer.reactive.DeferringLoadBalancerExchangeFilterFunction] is not eligible for getting processed by all BeanPostProcessors (for example: not eligible for auto-proxying)
2023-10-26 22:43:31.012 WARN  com.netflix.config.sources.URLConfigurationSource :121  [32m        [0;39m No URLs will be polled as dynamic configuration sources.
2023-10-26 22:43:31.012 INFO  com.netflix.config.sources.URLConfigurationSource :122  [32m        [0;39m To enable URLs as dynamic configuration sources, define System property archaius.configurationSource.additionalUrls or make config.properties available on classpath.
2023-10-26 22:43:31.014 WARN  com.netflix.config.sources.URLConfigurationSource :121  [32m        [0;39m No URLs will be polled as dynamic configuration sources.
2023-10-26 22:43:31.014 INFO  com.netflix.config.sources.URLConfigurationSource :122  [32m        [0;39m To enable URLs as dynamic configuration sources, define System property archaius.configurationSource.additionalUrls or make config.properties available on classpath.
2023-10-26 22:43:31.535 INFO  o.s.c.gateway.route.RouteDefinitionRouteLocator   :139  [32m        [0;39m Loaded RoutePredicateFactory [After]
2023-10-26 22:43:31.535 INFO  o.s.c.gateway.route.RouteDefinitionRouteLocator   :139  [32m        [0;39m Loaded RoutePredicateFactory [Before]
2023-10-26 22:43:31.535 INFO  o.s.c.gateway.route.RouteDefinitionRouteLocator   :139  [32m        [0;39m Loaded RoutePredicateFactory [Between]
2023-10-26 22:43:31.536 INFO  o.s.c.gateway.route.RouteDefinitionRouteLocator   :139  [32m        [0;39m Loaded RoutePredicateFactory [Cookie]
2023-10-26 22:43:31.536 INFO  o.s.c.gateway.route.RouteDefinitionRouteLocator   :139  [32m        [0;39m Loaded RoutePredicateFactory [Header]
2023-10-26 22:43:31.536 INFO  o.s.c.gateway.route.RouteDefinitionRouteLocator   :139  [32m        [0;39m Loaded RoutePredicateFactory [Host]
2023-10-26 22:43:31.536 INFO  o.s.c.gateway.route.RouteDefinitionRouteLocator   :139  [32m        [0;39m Loaded RoutePredicateFactory [Method]
2023-10-26 22:43:31.536 INFO  o.s.c.gateway.route.RouteDefinitionRouteLocator   :139  [32m        [0;39m Loaded RoutePredicateFactory [Path]
2023-10-26 22:43:31.536 INFO  o.s.c.gateway.route.RouteDefinitionRouteLocator   :139  [32m        [0;39m Loaded RoutePredicateFactory [Query]
2023-10-26 22:43:31.536 INFO  o.s.c.gateway.route.RouteDefinitionRouteLocator   :139  [32m        [0;39m Loaded RoutePredicateFactory [ReadBodyPredicateFactory]
2023-10-26 22:43:31.536 INFO  o.s.c.gateway.route.RouteDefinitionRouteLocator   :139  [32m        [0;39m Loaded RoutePredicateFactory [RemoteAddr]
2023-10-26 22:43:31.536 INFO  o.s.c.gateway.route.RouteDefinitionRouteLocator   :139  [32m        [0;39m Loaded RoutePredicateFactory [Weight]
2023-10-26 22:43:31.536 INFO  o.s.c.gateway.route.RouteDefinitionRouteLocator   :139  [32m        [0;39m Loaded RoutePredicateFactory [CloudFoundryRouteService]
2023-10-26 22:43:31.620 INFO  o.s.scheduling.concurrent.ThreadPoolTaskScheduler :181  [32m        [0;39m Initializing ExecutorService 'Nacos-Watch-Task-Scheduler'
2023-10-26 22:43:32.558 INFO  o.s.boot.web.embedded.netty.NettyWebServer        :109  [32m        [0;39m Netty started on port(s): 8080
2023-10-26 22:43:32.930 INFO  c.a.cloud.nacos.registry.NacosServiceRegistry     :75   [32m        [0;39m nacos registry, DEFAULT_GROUP azaz-gateway 192.168.1.102:8080 register finished
2023-10-26 22:43:32.936 INFO  com.azaz.GatewayApplication                       :61   [32m        [0;39m Started GatewayApplication in 3.207 seconds (JVM running for 3.679)
2023-10-26 22:44:02.190 INFO  com.netflix.config.ChainedDynamicProperty         :115  [32m        [0;39m Flipping property: azaz-service-user.ribbon.ActiveConnectionsLimit to use NEXT property: niws.loadbalancer.availabilityFilteringRule.activeConnectionsLimit = 2147483647
2023-10-26 22:44:02.203 INFO  com.netflix.loadbalancer.BaseLoadBalancer         :197  [32m        [0;39m Client: azaz-service-user instantiated a LoadBalancer: DynamicServerListLoadBalancer:{NFLoadBalancer:name=azaz-service-user,current list of Servers=[],Load balancer stats=Zone stats: {},Server stats: []}ServerList:null
2023-10-26 22:44:02.206 INFO  c.n.loadbalancer.DynamicServerListLoadBalancer    :222  [32m        [0;39m Using serverListUpdater PollingServerListUpdater
2023-10-26 22:44:02.258 INFO  com.netflix.config.ChainedDynamicProperty         :115  [32m        [0;39m Flipping property: azaz-service-user.ribbon.ActiveConnectionsLimit to use NEXT property: niws.loadbalancer.availabilityFilteringRule.activeConnectionsLimit = 2147483647
2023-10-26 22:44:02.259 INFO  c.n.loadbalancer.DynamicServerListLoadBalancer    :150  [32m        [0;39m DynamicServerListLoadBalancer for client azaz-service-user initialized: DynamicServerListLoadBalancer:{NFLoadBalancer:name=azaz-service-user,current list of Servers=[192.168.1.102:8081],Load balancer stats=Zone stats: {unknown=[Zone:unknown;	Instance count:1;	Active connections count: 0;	Circuit breaker tripped count: 0;	Active connections per server: 0.0;]
},Server stats: [[Server:192.168.1.102:8081;	Zone:UNKNOWN;	Total Requests:0;	Successive connection failure:0;	Total blackout seconds:0;	Last connection made:Thu Jan 01 08:00:00 CST 1970;	First connection made: Thu Jan 01 08:00:00 CST 1970;	Active Connections:0;	total failure count in last (1000) msecs:0;	average resp time:0.0;	90 percentile resp time:0.0;	95 percentile resp time:0.0;	min resp time:0.0;	max resp time:0.0;	stddev resp time:0.0]
]}ServerList:com.alibaba.cloud.nacos.ribbon.NacosServerList@2e8dc7a2
2023-10-26 22:44:03.221 INFO  com.netflix.config.ChainedDynamicProperty         :115  [32m        [0;39m Flipping property: azaz-service-user.ribbon.ActiveConnectionsLimit to use NEXT property: niws.loadbalancer.availabilityFilteringRule.activeConnectionsLimit = 2147483647
2023-10-26 22:44:16.074 INFO  com.azaz.filter.LoginFilter                       :52   [32m        [0;39m 拦截到未登录请求:/azaz/user/logi
2023-10-26 22:44:50.952 INFO  com.netflix.loadbalancer.PollingServerListUpdater :53   [32m        [0;39m Shutting down the Executor Pool for PollingServerListUpdater
2023-10-26 22:44:50.952 WARN  com.alibaba.nacos.common.http.HttpClientBeanHolder:108  [32m        [0;39m [HttpClientBeanHolder] Start destroying common HttpClient
2023-10-26 22:44:50.952 WARN  com.alibaba.nacos.common.notify.NotifyCenter      :145  [32m        [0;39m [NotifyCenter] Start destroying Publisher
2023-10-26 22:44:50.952 WARN  com.alibaba.nacos.common.http.HttpClientBeanHolder:114  [32m        [0;39m [HttpClientBeanHolder] Destruction of the end
2023-10-26 22:44:50.952 WARN  com.alibaba.nacos.common.notify.NotifyCenter      :162  [32m        [0;39m [NotifyCenter] Destruction of the end
2023-10-26 22:44:50.954 INFO  o.s.scheduling.concurrent.ThreadPoolTaskScheduler :218  [32m        [0;39m Shutting down ExecutorService 'Nacos-Watch-Task-Scheduler'
2023-10-26 22:44:50.955 INFO  c.a.cloud.nacos.registry.NacosServiceRegistry     :94   [32m        [0;39m De-registering from Nacos Server now...
2023-10-26 22:44:50.997 INFO  c.a.cloud.nacos.registry.NacosServiceRegistry     :114  [32m        [0;39m De-registration finished.
